<?xml version="1.0" encoding="UTF-8"?>
<!-- Generated by org.testng.reporters.JUnitXMLReporter -->
<testsuite hostname="BLRKEC80998L" ignored="0" name="Test" tests="2" failures="0" timestamp="23 May 2017 03:55:33 GMT" time="23.996" errors="0">
  <testcase name="@AfterClass afterMethod" time="1.966" classname="testSuit.testCases">
    <failure type="org.openqa.selenium.WebDriverException" message="Tried to run command without establishing a connection
Build info: version: &amp;apos;3.4.0&amp;apos;, revision: &amp;apos;unknown&amp;apos;, time: &amp;apos;unknown&amp;apos;
System info: host: &amp;apos;BLRKEC80998L&amp;apos;, ip: &amp;apos;10.66.193.48&amp;apos;, os.name: &amp;apos;Windows 8.1&amp;apos;, os.arch: &amp;apos;amd64&amp;apos;, os.version: &amp;apos;6.3&amp;apos;, java.version: &amp;apos;1.8.0_121&amp;apos;
Driver info: org.openqa.selenium.firefox.FirefoxDriver
Capabilities [{moz:profile=C:\Users\narendra_p02\AppData\Local\Temp\rust_mozprofile.iTKrByuUESoZ, rotatable=false, timeouts={implicit=0.0, pageLoad=300000.0, script=30000.0}, pageLoadStrategy=normal, platform=ANY, specificationLevel=0.0, moz:accessibilityChecks=false, acceptInsecureCerts=false, browserVersion=53.0.2, platformVersion=6.3, moz:processID=3904.0, browserName=firefox, javascriptEnabled=true, platformName=windows_nt}]
Session ID: 86078b22-2034-4603-8cee-bbd46075eced">
      <![CDATA[org.openqa.selenium.WebDriverException: Tried to run command without establishing a connection
Build info: version: '3.4.0', revision: 'unknown', time: 'unknown'
System info: host: 'BLRKEC80998L', ip: '10.66.193.48', os.name: 'Windows 8.1', os.arch: 'amd64', os.version: '6.3', java.version: '1.8.0_121'
Driver info: org.openqa.selenium.firefox.FirefoxDriver
Capabilities [{moz:profile=C:\Users\narendra_p02\AppData\Local\Temp\rust_mozprofile.iTKrByuUESoZ, rotatable=false, timeouts={implicit=0.0, pageLoad=300000.0, script=30000.0}, pageLoadStrategy=normal, platform=ANY, specificationLevel=0.0, moz:accessibilityChecks=false, acceptInsecureCerts=false, browserVersion=53.0.2, platformVersion=6.3, moz:processID=3904.0, browserName=firefox, javascriptEnabled=true, platformName=windows_nt}]
Session ID: 86078b22-2034-4603-8cee-bbd46075eced
	at org.openqa.selenium.remote.http.W3CHttpResponseCodec.createException(W3CHttpResponseCodec.java:150)
	at org.openqa.selenium.remote.http.W3CHttpResponseCodec.decode(W3CHttpResponseCodec.java:115)
	at org.openqa.selenium.remote.http.W3CHttpResponseCodec.decode(W3CHttpResponseCodec.java:45)
	at org.openqa.selenium.remote.HttpCommandExecutor.execute(HttpCommandExecutor.java:164)
	at org.openqa.selenium.remote.service.DriverCommandExecutor.execute(DriverCommandExecutor.java:82)
	at org.openqa.selenium.remote.RemoteWebDriver.execute(RemoteWebDriver.java:637)
	at org.openqa.selenium.remote.RemoteWebDriver.execute(RemoteWebDriver.java:694)
	at org.openqa.selenium.remote.RemoteWebDriver.quit(RemoteWebDriver.java:533)
	at testSuit.testCases.afterMethod(testCases.java:46)
... Removed 29 stack frames]]>
    </failure>
  </testcase> <!-- @AfterClass afterMethod -->
  <testcase name="openGoogle" time="15.814" classname="testSuit.testCases"/>
  <testcase name="recordPageTitle" time="6.108" classname="testSuit.testCases"/>
</testsuite> <!-- Test -->
