<?xml version="1.0" encoding="UTF-8"?>
<testng-results skipped="0" failed="0" ignored="0" total="2" passed="2">
  <reporter-output>
  </reporter-output>
  <suite name="Suite" duration-ms="27446" started-at="2017-05-23T16:44:22Z" finished-at="2017-05-23T16:44:50Z">
    <groups>
    </groups>
    <test name="Test" duration-ms="27446" started-at="2017-05-23T16:44:22Z" finished-at="2017-05-23T16:44:50Z">
      <class name="testSuit.testCases">
        <test-method status="PASS" signature="openGoogle()[pri:0, instance:testSuit.testCases@1e88b3c]" name="openGoogle" duration-ms="13569" started-at="2017-05-23T22:14:22Z" description="Open Google home page in the selected browser" finished-at="2017-05-23T22:14:36Z">
          <reporter-output>
          </reporter-output>
        </test-method> <!-- openGoogle -->
        <test-method status="PASS" signature="recordPageTitle()[pri:0, instance:testSuit.testCases@1e88b3c]" name="recordPageTitle" duration-ms="6136" started-at="2017-05-23T22:14:36Z" description="check the page title on browser" depends-on-methods="testSuit.testCases.openGoogle" finished-at="2017-05-23T22:14:42Z">
          <reporter-output>
          </reporter-output>
        </test-method> <!-- recordPageTitle -->
        <test-method status="PASS" signature="afterMethod()[pri:0, instance:testSuit.testCases@1e88b3c]" name="afterMethod" is-config="true" duration-ms="7714" started-at="2017-05-23T22:14:42Z" finished-at="2017-05-23T22:14:50Z">
          <reporter-output>
          </reporter-output>
        </test-method> <!-- afterMethod -->
      </class> <!-- testSuit.testCases -->
    </test> <!-- Test -->
  </suite> <!-- Suite -->
</testng-results>
